The system is: Linux - 3.2.0-57-generic - x86_64
Compiling the C compiler identification source file "CMakeCCompilerId.c" succeeded.
Compiler: /home/grad03/lasalle/bin/gcc 
Build flags: 
Id flags: 

The output was:
0
Searching for /home/grad03/lasalle/bin/gcc
args = [CMakeCCompilerId.c]
Using REMOTE /soft/gcc-4.7.2/ubuntuamd2010/bin/gcc


Compilation of the C compiler identification source "CMakeCCompilerId.c" produced "a.out"

The C compiler identification is GNU, found in "/home/grad03/lasalle/src/mt-metis/metis/build/Linux-x86_64/CMakeFiles/CompilerIdC/a.out"

Compiling the CXX compiler identification source file "CMakeCXXCompilerId.cpp" succeeded.
Compiler: /usr/bin/c++ 
Build flags: 
Id flags: 

The output was:
0


Compilation of the CXX compiler identification source "CMakeCXXCompilerId.cpp" produced "a.out"

The CXX compiler identification is GNU, found in "/home/grad03/lasalle/src/mt-metis/metis/build/Linux-x86_64/CMakeFiles/CompilerIdCXX/a.out"

Determining if the C compiler works passed with the following output:
Change Dir: /home/grad03/lasalle/src/mt-metis/metis/build/Linux-x86_64/CMakeFiles/CMakeTmp

Run Build Command:/usr/bin/make "cmTryCompileExec/fast"
make[2]: Entering directory `/home/grad03/lasalle/src/mt-metis/metis/build/Linux-x86_64/CMakeFiles/CMakeTmp'
/usr/bin/make -f CMakeFiles/cmTryCompileExec.dir/build.make CMakeFiles/cmTryCompileExec.dir/build
make[3]: Entering directory `/home/grad03/lasalle/src/mt-metis/metis/build/Linux-x86_64/CMakeFiles/CMakeTmp'
/export/scratch/my_root/bin/cmake -E cmake_progress_report /home/grad03/lasalle/src/mt-metis/metis/build/Linux-x86_64/CMakeFiles/CMakeTmp/CMakeFiles 1
Building C object CMakeFiles/cmTryCompileExec.dir/testCCompiler.c.o
/home/grad03/lasalle/bin/gcc    -o CMakeFiles/cmTryCompileExec.dir/testCCompiler.c.o   -c /home/grad03/lasalle/src/mt-metis/metis/build/Linux-x86_64/CMakeFiles/CMakeTmp/testCCompiler.c
Searching for /home/grad03/lasalle/bin/gcc
args = [-o CMakeFiles/cmTryCompileExec.dir/testCCompiler.c.o -c /home/grad03/lasalle/src/mt-metis/metis/build/Linux-x86_64/CMakeFiles/CMakeTmp/testCCompiler.c]
Using REMOTE /soft/gcc-4.7.2/ubuntuamd2010/bin/gcc
Linking C executable cmTryCompileExec
/export/scratch/my_root/bin/cmake -E cmake_link_script CMakeFiles/cmTryCompileExec.dir/link.txt --verbose=1
/home/grad03/lasalle/bin/gcc         CMakeFiles/cmTryCompileExec.dir/testCCompiler.c.o  -o cmTryCompileExec -rdynamic 
Searching for /home/grad03/lasalle/bin/gcc
args = [CMakeFiles/cmTryCompileExec.dir/testCCompiler.c.o -o cmTryCompileExec -rdynamic]
Using REMOTE /soft/gcc-4.7.2/ubuntuamd2010/bin/gcc
make[3]: Leaving directory `/home/grad03/lasalle/src/mt-metis/metis/build/Linux-x86_64/CMakeFiles/CMakeTmp'
make[2]: Leaving directory `/home/grad03/lasalle/src/mt-metis/metis/build/Linux-x86_64/CMakeFiles/CMakeTmp'


Detecting C compiler ABI info compiled with the following output:
Change Dir: /home/grad03/lasalle/src/mt-metis/metis/build/Linux-x86_64/CMakeFiles/CMakeTmp

Run Build Command:/usr/bin/make "cmTryCompileExec/fast"
make[2]: Entering directory `/home/grad03/lasalle/src/mt-metis/metis/build/Linux-x86_64/CMakeFiles/CMakeTmp'
/usr/bin/make -f CMakeFiles/cmTryCompileExec.dir/build.make CMakeFiles/cmTryCompileExec.dir/build
make[3]: Entering directory `/home/grad03/lasalle/src/mt-metis/metis/build/Linux-x86_64/CMakeFiles/CMakeTmp'
/export/scratch/my_root/bin/cmake -E cmake_progress_report /home/grad03/lasalle/src/mt-metis/metis/build/Linux-x86_64/CMakeFiles/CMakeTmp/CMakeFiles 1
Building C object CMakeFiles/cmTryCompileExec.dir/CMakeCCompilerABI.c.o
/home/grad03/lasalle/bin/gcc    -o CMakeFiles/cmTryCompileExec.dir/CMakeCCompilerABI.c.o   -c /export/scratch/my_root/share/cmake-2.8/Modules/CMakeCCompilerABI.c
Searching for /home/grad03/lasalle/bin/gcc
args = [-o CMakeFiles/cmTryCompileExec.dir/CMakeCCompilerABI.c.o -c /export/scratch/my_root/share/cmake-2.8/Modules/CMakeCCompilerABI.c]
Using REMOTE /soft/gcc-4.7.2/ubuntuamd2010/bin/gcc
Linking C executable cmTryCompileExec
/export/scratch/my_root/bin/cmake -E cmake_link_script CMakeFiles/cmTryCompileExec.dir/link.txt --verbose=1
/home/grad03/lasalle/bin/gcc       -v CMakeFiles/cmTryCompileExec.dir/CMakeCCompilerABI.c.o  -o cmTryCompileExec -rdynamic  
Searching for /home/grad03/lasalle/bin/gcc
args = [-v CMakeFiles/cmTryCompileExec.dir/CMakeCCompilerABI.c.o -o cmTryCompileExec -rdynamic]
Using REMOTE /soft/gcc-4.7.2/ubuntuamd2010/bin/gcc
Using built-in specs.
COLLECT_GCC=/soft/gcc-4.7.2/ubuntuamd2010/bin/gcc
COLLECT_LTO_WRAPPER=/soft/gcc-4.7.2/ubuntuamd2010/libexec/gcc/x86_64-linux-gnu/4.7.2/lto-wrapper
Target: x86_64-linux-gnu
Configured with: ../gcc-4.7.2/configure --prefix=/soft/gcc-4.7.2/ubuntuamd2010 --enable-shared --build=x86_64-linux-gnu --with-gmp=/soft/gcc-4.7.2/ubuntuamd2010 --with-mpfr=/soft/gcc-4.7.2/ubuntuamd2010 --with-ppl=/soft/gcc-4.7.2/ubuntuamd2010 --with-cloog=/soft/gcc-4.7.2/ubuntuamd2010
Thread model: posix
gcc version 4.7.2 (GCC) 
COMPILER_PATH=/soft/gcc-4.7.2/ubuntuamd2010/libexec/gcc/x86_64-linux-gnu/4.7.2/:/soft/gcc-4.7.2/ubuntuamd2010/libexec/gcc/x86_64-linux-gnu/4.7.2/:/soft/gcc-4.7.2/ubuntuamd2010/libexec/gcc/x86_64-linux-gnu/:/soft/gcc-4.7.2/ubuntuamd2010/lib/gcc/x86_64-linux-gnu/4.7.2/:/soft/gcc-4.7.2/ubuntuamd2010/lib/gcc/x86_64-linux-gnu/
LIBRARY_PATH=/soft/gcc-4.7.2/ubuntuamd2010/lib/gcc/x86_64-linux-gnu/4.7.2/:/soft/gcc-4.7.2/ubuntuamd2010/lib/gcc/x86_64-linux-gnu/4.7.2/../../../../lib64/:/lib/x86_64-linux-gnu/:/lib/../lib64/:/usr/lib/x86_64-linux-gnu/:/soft/gcc-4.7.2/ubuntuamd2010/lib/gcc/x86_64-linux-gnu/4.7.2/../../../:/lib/:/usr/lib/
COLLECT_GCC_OPTIONS='-v' '-o' 'cmTryCompileExec' '-rdynamic' '-mtune=generic' '-march=x86-64'
 /soft/gcc-4.7.2/ubuntuamd2010/libexec/gcc/x86_64-linux-gnu/4.7.2/collect2 --eh-frame-hdr -m elf_x86_64 -export-dynamic -dynamic-linker /lib64/ld-linux-x86-64.so.2 -o cmTryCompileExec /usr/lib/x86_64-linux-gnu/crt1.o /usr/lib/x86_64-linux-gnu/crti.o /soft/gcc-4.7.2/ubuntuamd2010/lib/gcc/x86_64-linux-gnu/4.7.2/crtbegin.o -L/soft/gcc-4.7.2/ubuntuamd2010/lib/gcc/x86_64-linux-gnu/4.7.2 -L/soft/gcc-4.7.2/ubuntuamd2010/lib/gcc/x86_64-linux-gnu/4.7.2/../../../../lib64 -L/lib/x86_64-linux-gnu -L/lib/../lib64 -L/usr/lib/x86_64-linux-gnu -L/soft/gcc-4.7.2/ubuntuamd2010/lib/gcc/x86_64-linux-gnu/4.7.2/../../.. CMakeFiles/cmTryCompileExec.dir/CMakeCCompilerABI.c.o -lgcc --as-needed -lgcc_s --no-as-needed -lc -lgcc --as-needed -lgcc_s --no-as-needed /soft/gcc-4.7.2/ubuntuamd2010/lib/gcc/x86_64-linux-gnu/4.7.2/crtend.o /usr/lib/x86_64-linux-gnu/crtn.o
make[3]: Leaving directory `/home/grad03/lasalle/src/mt-metis/metis/build/Linux-x86_64/CMakeFiles/CMakeTmp'
make[2]: Leaving directory `/home/grad03/lasalle/src/mt-metis/metis/build/Linux-x86_64/CMakeFiles/CMakeTmp'


Parsed C implicit link information from above output:
  link line regex: [^( *|.*[/\])(ld|ld|collect2)[^/\]*( |$)]
  ignore line: [Change Dir: /home/grad03/lasalle/src/mt-metis/metis/build/Linux-x86_64/CMakeFiles/CMakeTmp]
  ignore line: []
  ignore line: [Run Build Command:/usr/bin/make "cmTryCompileExec/fast"]
  ignore line: [make[2]: Entering directory `/home/grad03/lasalle/src/mt-metis/metis/build/Linux-x86_64/CMakeFiles/CMakeTmp']
  ignore line: [/usr/bin/make -f CMakeFiles/cmTryCompileExec.dir/build.make CMakeFiles/cmTryCompileExec.dir/build]
  ignore line: [make[3]: Entering directory `/home/grad03/lasalle/src/mt-metis/metis/build/Linux-x86_64/CMakeFiles/CMakeTmp']
  ignore line: [/export/scratch/my_root/bin/cmake -E cmake_progress_report /home/grad03/lasalle/src/mt-metis/metis/build/Linux-x86_64/CMakeFiles/CMakeTmp/CMakeFiles 1]
  ignore line: [Building C object CMakeFiles/cmTryCompileExec.dir/CMakeCCompilerABI.c.o]
  ignore line: [/home/grad03/lasalle/bin/gcc    -o CMakeFiles/cmTryCompileExec.dir/CMakeCCompilerABI.c.o   -c /export/scratch/my_root/share/cmake-2.8/Modules/CMakeCCompilerABI.c]
  ignore line: [Searching for /home/grad03/lasalle/bin/gcc]
  ignore line: [args = [-o CMakeFiles/cmTryCompileExec.dir/CMakeCCompilerABI.c.o -c /export/scratch/my_root/share/cmake-2.8/Modules/CMakeCCompilerABI.c]]
  ignore line: [Using REMOTE /soft/gcc-4.7.2/ubuntuamd2010/bin/gcc]
  ignore line: [Linking C executable cmTryCompileExec]
  ignore line: [/export/scratch/my_root/bin/cmake -E cmake_link_script CMakeFiles/cmTryCompileExec.dir/link.txt --verbose=1]
  ignore line: [/home/grad03/lasalle/bin/gcc       -v CMakeFiles/cmTryCompileExec.dir/CMakeCCompilerABI.c.o  -o cmTryCompileExec -rdynamic  ]
  ignore line: [Searching for /home/grad03/lasalle/bin/gcc]
  ignore line: [args = [-v CMakeFiles/cmTryCompileExec.dir/CMakeCCompilerABI.c.o -o cmTryCompileExec -rdynamic]]
  ignore line: [Using REMOTE /soft/gcc-4.7.2/ubuntuamd2010/bin/gcc]
  ignore line: [Using built-in specs.]
  ignore line: [COLLECT_GCC=/soft/gcc-4.7.2/ubuntuamd2010/bin/gcc]
  ignore line: [COLLECT_LTO_WRAPPER=/soft/gcc-4.7.2/ubuntuamd2010/libexec/gcc/x86_64-linux-gnu/4.7.2/lto-wrapper]
  ignore line: [Target: x86_64-linux-gnu]
  ignore line: [Configured with: ../gcc-4.7.2/configure --prefix=/soft/gcc-4.7.2/ubuntuamd2010 --enable-shared --build=x86_64-linux-gnu --with-gmp=/soft/gcc-4.7.2/ubuntuamd2010 --with-mpfr=/soft/gcc-4.7.2/ubuntuamd2010 --with-ppl=/soft/gcc-4.7.2/ubuntuamd2010 --with-cloog=/soft/gcc-4.7.2/ubuntuamd2010]
  ignore line: [Thread model: posix]
  ignore line: [gcc version 4.7.2 (GCC) ]
  ignore line: [COMPILER_PATH=/soft/gcc-4.7.2/ubuntuamd2010/libexec/gcc/x86_64-linux-gnu/4.7.2/:/soft/gcc-4.7.2/ubuntuamd2010/libexec/gcc/x86_64-linux-gnu/4.7.2/:/soft/gcc-4.7.2/ubuntuamd2010/libexec/gcc/x86_64-linux-gnu/:/soft/gcc-4.7.2/ubuntuamd2010/lib/gcc/x86_64-linux-gnu/4.7.2/:/soft/gcc-4.7.2/ubuntuamd2010/lib/gcc/x86_64-linux-gnu/]
  ignore line: [LIBRARY_PATH=/soft/gcc-4.7.2/ubuntuamd2010/lib/gcc/x86_64-linux-gnu/4.7.2/:/soft/gcc-4.7.2/ubuntuamd2010/lib/gcc/x86_64-linux-gnu/4.7.2/../../../../lib64/:/lib/x86_64-linux-gnu/:/lib/../lib64/:/usr/lib/x86_64-linux-gnu/:/soft/gcc-4.7.2/ubuntuamd2010/lib/gcc/x86_64-linux-gnu/4.7.2/../../../:/lib/:/usr/lib/]
  ignore line: [COLLECT_GCC_OPTIONS='-v' '-o' 'cmTryCompileExec' '-rdynamic' '-mtune=generic' '-march=x86-64']
  link line: [ /soft/gcc-4.7.2/ubuntuamd2010/libexec/gcc/x86_64-linux-gnu/4.7.2/collect2 --eh-frame-hdr -m elf_x86_64 -export-dynamic -dynamic-linker /lib64/ld-linux-x86-64.so.2 -o cmTryCompileExec /usr/lib/x86_64-linux-gnu/crt1.o /usr/lib/x86_64-linux-gnu/crti.o /soft/gcc-4.7.2/ubuntuamd2010/lib/gcc/x86_64-linux-gnu/4.7.2/crtbegin.o -L/soft/gcc-4.7.2/ubuntuamd2010/lib/gcc/x86_64-linux-gnu/4.7.2 -L/soft/gcc-4.7.2/ubuntuamd2010/lib/gcc/x86_64-linux-gnu/4.7.2/../../../../lib64 -L/lib/x86_64-linux-gnu -L/lib/../lib64 -L/usr/lib/x86_64-linux-gnu -L/soft/gcc-4.7.2/ubuntuamd2010/lib/gcc/x86_64-linux-gnu/4.7.2/../../.. CMakeFiles/cmTryCompileExec.dir/CMakeCCompilerABI.c.o -lgcc --as-needed -lgcc_s --no-as-needed -lc -lgcc --as-needed -lgcc_s --no-as-needed /soft/gcc-4.7.2/ubuntuamd2010/lib/gcc/x86_64-linux-gnu/4.7.2/crtend.o /usr/lib/x86_64-linux-gnu/crtn.o]
    arg [/soft/gcc-4.7.2/ubuntuamd2010/libexec/gcc/x86_64-linux-gnu/4.7.2/collect2] ==> ignore
    arg [--eh-frame-hdr] ==> ignore
    arg [-m] ==> ignore
    arg [elf_x86_64] ==> ignore
    arg [-export-dynamic] ==> ignore
    arg [-dynamic-linker] ==> ignore
    arg [/lib64/ld-linux-x86-64.so.2] ==> ignore
    arg [-o] ==> ignore
    arg [cmTryCompileExec] ==> ignore
    arg [/usr/lib/x86_64-linux-gnu/crt1.o] ==> ignore
    arg [/usr/lib/x86_64-linux-gnu/crti.o] ==> ignore
    arg [/soft/gcc-4.7.2/ubuntuamd2010/lib/gcc/x86_64-linux-gnu/4.7.2/crtbegin.o] ==> ignore
    arg [-L/soft/gcc-4.7.2/ubuntuamd2010/lib/gcc/x86_64-linux-gnu/4.7.2] ==> dir [/soft/gcc-4.7.2/ubuntuamd2010/lib/gcc/x86_64-linux-gnu/4.7.2]
    arg [-L/soft/gcc-4.7.2/ubuntuamd2010/lib/gcc/x86_64-linux-gnu/4.7.2/../../../../lib64] ==> dir [/soft/gcc-4.7.2/ubuntuamd2010/lib/gcc/x86_64-linux-gnu/4.7.2/../../../../lib64]
    arg [-L/lib/x86_64-linux-gnu] ==> dir [/lib/x86_64-linux-gnu]
    arg [-L/lib/../lib64] ==> dir [/lib/../lib64]
    arg [-L/usr/lib/x86_64-linux-gnu] ==> dir [/usr/lib/x86_64-linux-gnu]
    arg [-L/soft/gcc-4.7.2/ubuntuamd2010/lib/gcc/x86_64-linux-gnu/4.7.2/../../..] ==> dir [/soft/gcc-4.7.2/ubuntuamd2010/lib/gcc/x86_64-linux-gnu/4.7.2/../../..]
    arg [CMakeFiles/cmTryCompileExec.dir/CMakeCCompilerABI.c.o] ==> ignore
    arg [-lgcc] ==> lib [gcc]
    arg [--as-needed] ==> ignore
    arg [-lgcc_s] ==> lib [gcc_s]
    arg [--no-as-needed] ==> ignore
    arg [-lc] ==> lib [c]
    arg [-lgcc] ==> lib [gcc]
    arg [--as-needed] ==> ignore
    arg [-lgcc_s] ==> lib [gcc_s]
    arg [--no-as-needed] ==> ignore
    arg [/soft/gcc-4.7.2/ubuntuamd2010/lib/gcc/x86_64-linux-gnu/4.7.2/crtend.o] ==> ignore
    arg [/usr/lib/x86_64-linux-gnu/crtn.o] ==> ignore
  remove lib [gcc]
  remove lib [gcc_s]
  remove lib [gcc]
  remove lib [gcc_s]
  collapse dir [/soft/gcc-4.7.2/ubuntuamd2010/lib/gcc/x86_64-linux-gnu/4.7.2] ==> [/soft/gcc-4.7.2/ubuntuamd2010/lib/gcc/x86_64-linux-gnu/4.7.2]
  collapse dir [/soft/gcc-4.7.2/ubuntuamd2010/lib/gcc/x86_64-linux-gnu/4.7.2/../../../../lib64] ==> [/soft/gcc-4.7.2/ubuntuamd2010/lib64]
  collapse dir [/lib/x86_64-linux-gnu] ==> [/lib/x86_64-linux-gnu]
  collapse dir [/lib/../lib64] ==> [/lib64]
  collapse dir [/usr/lib/x86_64-linux-gnu] ==> [/usr/lib/x86_64-linux-gnu]
  collapse dir [/soft/gcc-4.7.2/ubuntuamd2010/lib/gcc/x86_64-linux-gnu/4.7.2/../../..] ==> [/soft/gcc-4.7.2/ubuntuamd2010/lib]
  implicit libs: [c]
  implicit dirs: [/soft/gcc-4.7.2/ubuntuamd2010/lib/gcc/x86_64-linux-gnu/4.7.2;/soft/gcc-4.7.2/ubuntuamd2010/lib64;/lib/x86_64-linux-gnu;/lib64;/usr/lib/x86_64-linux-gnu;/soft/gcc-4.7.2/ubuntuamd2010/lib]


Determining if the CXX compiler works passed with the following output:
Change Dir: /home/grad03/lasalle/src/mt-metis/metis/build/Linux-x86_64/CMakeFiles/CMakeTmp

Run Build Command:/usr/bin/make "cmTryCompileExec/fast"
make[2]: Entering directory `/home/grad03/lasalle/src/mt-metis/metis/build/Linux-x86_64/CMakeFiles/CMakeTmp'
/usr/bin/make -f CMakeFiles/cmTryCompileExec.dir/build.make CMakeFiles/cmTryCompileExec.dir/build
make[3]: Entering directory `/home/grad03/lasalle/src/mt-metis/metis/build/Linux-x86_64/CMakeFiles/CMakeTmp'
/export/scratch/my_root/bin/cmake -E cmake_progress_report /home/grad03/lasalle/src/mt-metis/metis/build/Linux-x86_64/CMakeFiles/CMakeTmp/CMakeFiles 1
Building CXX object CMakeFiles/cmTryCompileExec.dir/testCXXCompiler.cxx.o
/usr/bin/c++     -o CMakeFiles/cmTryCompileExec.dir/testCXXCompiler.cxx.o -c /home/grad03/lasalle/src/mt-metis/metis/build/Linux-x86_64/CMakeFiles/CMakeTmp/testCXXCompiler.cxx
Linking CXX executable cmTryCompileExec
/export/scratch/my_root/bin/cmake -E cmake_link_script CMakeFiles/cmTryCompileExec.dir/link.txt --verbose=1
/usr/bin/c++          CMakeFiles/cmTryCompileExec.dir/testCXXCompiler.cxx.o  -o cmTryCompileExec -rdynamic 
make[3]: Leaving directory `/home/grad03/lasalle/src/mt-metis/metis/build/Linux-x86_64/CMakeFiles/CMakeTmp'
make[2]: Leaving directory `/home/grad03/lasalle/src/mt-metis/metis/build/Linux-x86_64/CMakeFiles/CMakeTmp'


Detecting CXX compiler ABI info compiled with the following output:
Change Dir: /home/grad03/lasalle/src/mt-metis/metis/build/Linux-x86_64/CMakeFiles/CMakeTmp

Run Build Command:/usr/bin/make "cmTryCompileExec/fast"
make[2]: Entering directory `/home/grad03/lasalle/src/mt-metis/metis/build/Linux-x86_64/CMakeFiles/CMakeTmp'
/usr/bin/make -f CMakeFiles/cmTryCompileExec.dir/build.make CMakeFiles/cmTryCompileExec.dir/build
make[3]: Entering directory `/home/grad03/lasalle/src/mt-metis/metis/build/Linux-x86_64/CMakeFiles/CMakeTmp'
/export/scratch/my_root/bin/cmake -E cmake_progress_report /home/grad03/lasalle/src/mt-metis/metis/build/Linux-x86_64/CMakeFiles/CMakeTmp/CMakeFiles 1
Building CXX object CMakeFiles/cmTryCompileExec.dir/CMakeCXXCompilerABI.cpp.o
/usr/bin/c++     -o CMakeFiles/cmTryCompileExec.dir/CMakeCXXCompilerABI.cpp.o -c /export/scratch/my_root/share/cmake-2.8/Modules/CMakeCXXCompilerABI.cpp
Linking CXX executable cmTryCompileExec
/export/scratch/my_root/bin/cmake -E cmake_link_script CMakeFiles/cmTryCompileExec.dir/link.txt --verbose=1
/usr/bin/c++        -v CMakeFiles/cmTryCompileExec.dir/CMakeCXXCompilerABI.cpp.o  -o cmTryCompileExec -rdynamic  
Using built-in specs.
COLLECT_GCC=/usr/bin/c++
COLLECT_LTO_WRAPPER=/usr/lib/gcc/x86_64-linux-gnu/4.6/lto-wrapper
Target: x86_64-linux-gnu
Configured with: ../src/configure -v --with-pkgversion='Ubuntu/Linaro 4.6.3-1ubuntu5' --with-bugurl=file:///usr/share/doc/gcc-4.6/README.Bugs --enable-languages=c,c++,fortran,objc,obj-c++ --prefix=/usr --program-suffix=-4.6 --enable-shared --enable-linker-build-id --with-system-zlib --libexecdir=/usr/lib --without-included-gettext --enable-threads=posix --with-gxx-include-dir=/usr/include/c++/4.6 --libdir=/usr/lib --enable-nls --with-sysroot=/ --enable-clocale=gnu --enable-libstdcxx-debug --enable-libstdcxx-time=yes --enable-gnu-unique-object --enable-plugin --enable-objc-gc --disable-werror --with-arch-32=i686 --with-tune=generic --enable-checking=release --build=x86_64-linux-gnu --host=x86_64-linux-gnu --target=x86_64-linux-gnu
Thread model: posix
gcc version 4.6.3 (Ubuntu/Linaro 4.6.3-1ubuntu5) 
COMPILER_PATH=/usr/lib/gcc/x86_64-linux-gnu/4.6/:/usr/lib/gcc/x86_64-linux-gnu/4.6/:/usr/lib/gcc/x86_64-linux-gnu/:/usr/lib/gcc/x86_64-linux-gnu/4.6/:/usr/lib/gcc/x86_64-linux-gnu/
LIBRARY_PATH=/usr/lib/gcc/x86_64-linux-gnu/4.6/:/usr/lib/gcc/x86_64-linux-gnu/4.6/../../../x86_64-linux-gnu/:/usr/lib/gcc/x86_64-linux-gnu/4.6/../../../../lib/:/lib/x86_64-linux-gnu/:/lib/../lib/:/usr/lib/x86_64-linux-gnu/:/usr/lib/../lib/:/usr/lib/gcc/x86_64-linux-gnu/4.6/../../../:/lib/:/usr/lib/
COLLECT_GCC_OPTIONS='-v' '-o' 'cmTryCompileExec' '-rdynamic' '-shared-libgcc' '-mtune=generic' '-march=x86-64'
 /usr/lib/gcc/x86_64-linux-gnu/4.6/collect2 --sysroot=/ --build-id --no-add-needed --as-needed --eh-frame-hdr -m elf_x86_64 --hash-style=gnu -export-dynamic -dynamic-linker /lib64/ld-linux-x86-64.so.2 -z relro -o cmTryCompileExec /usr/lib/gcc/x86_64-linux-gnu/4.6/../../../x86_64-linux-gnu/crt1.o /usr/lib/gcc/x86_64-linux-gnu/4.6/../../../x86_64-linux-gnu/crti.o /usr/lib/gcc/x86_64-linux-gnu/4.6/crtbegin.o -L/usr/lib/gcc/x86_64-linux-gnu/4.6 -L/usr/lib/gcc/x86_64-linux-gnu/4.6/../../../x86_64-linux-gnu -L/usr/lib/gcc/x86_64-linux-gnu/4.6/../../../../lib -L/lib/x86_64-linux-gnu -L/lib/../lib -L/usr/lib/x86_64-linux-gnu -L/usr/lib/../lib -L/usr/lib/gcc/x86_64-linux-gnu/4.6/../../.. CMakeFiles/cmTryCompileExec.dir/CMakeCXXCompilerABI.cpp.o -lstdc++ -lm -lgcc_s -lgcc -lc -lgcc_s -lgcc /usr/lib/gcc/x86_64-linux-gnu/4.6/crtend.o /usr/lib/gcc/x86_64-linux-gnu/4.6/../../../x86_64-linux-gnu/crtn.o
make[3]: Leaving directory `/home/grad03/lasalle/src/mt-metis/metis/build/Linux-x86_64/CMakeFiles/CMakeTmp'
make[2]: Leaving directory `/home/grad03/lasalle/src/mt-metis/metis/build/Linux-x86_64/CMakeFiles/CMakeTmp'


Parsed CXX implicit link information from above output:
  link line regex: [^( *|.*[/\])(ld|ld|collect2)[^/\]*( |$)]
  ignore line: [Change Dir: /home/grad03/lasalle/src/mt-metis/metis/build/Linux-x86_64/CMakeFiles/CMakeTmp]
  ignore line: []
  ignore line: [Run Build Command:/usr/bin/make "cmTryCompileExec/fast"]
  ignore line: [make[2]: Entering directory `/home/grad03/lasalle/src/mt-metis/metis/build/Linux-x86_64/CMakeFiles/CMakeTmp']
  ignore line: [/usr/bin/make -f CMakeFiles/cmTryCompileExec.dir/build.make CMakeFiles/cmTryCompileExec.dir/build]
  ignore line: [make[3]: Entering directory `/home/grad03/lasalle/src/mt-metis/metis/build/Linux-x86_64/CMakeFiles/CMakeTmp']
  ignore line: [/export/scratch/my_root/bin/cmake -E cmake_progress_report /home/grad03/lasalle/src/mt-metis/metis/build/Linux-x86_64/CMakeFiles/CMakeTmp/CMakeFiles 1]
  ignore line: [Building CXX object CMakeFiles/cmTryCompileExec.dir/CMakeCXXCompilerABI.cpp.o]
  ignore line: [/usr/bin/c++     -o CMakeFiles/cmTryCompileExec.dir/CMakeCXXCompilerABI.cpp.o -c /export/scratch/my_root/share/cmake-2.8/Modules/CMakeCXXCompilerABI.cpp]
  ignore line: [Linking CXX executable cmTryCompileExec]
  ignore line: [/export/scratch/my_root/bin/cmake -E cmake_link_script CMakeFiles/cmTryCompileExec.dir/link.txt --verbose=1]
  ignore line: [/usr/bin/c++        -v CMakeFiles/cmTryCompileExec.dir/CMakeCXXCompilerABI.cpp.o  -o cmTryCompileExec -rdynamic  ]
  ignore line: [Using built-in specs.]
  ignore line: [COLLECT_GCC=/usr/bin/c++]
  ignore line: [COLLECT_LTO_WRAPPER=/usr/lib/gcc/x86_64-linux-gnu/4.6/lto-wrapper]
  ignore line: [Target: x86_64-linux-gnu]
  ignore line: [Configured with: ../src/configure -v --with-pkgversion='Ubuntu/Linaro 4.6.3-1ubuntu5' --with-bugurl=file:///usr/share/doc/gcc-4.6/README.Bugs --enable-languages=c,c++,fortran,objc,obj-c++ --prefix=/usr --program-suffix=-4.6 --enable-shared --enable-linker-build-id --with-system-zlib --libexecdir=/usr/lib --without-included-gettext --enable-threads=posix --with-gxx-include-dir=/usr/include/c++/4.6 --libdir=/usr/lib --enable-nls --with-sysroot=/ --enable-clocale=gnu --enable-libstdcxx-debug --enable-libstdcxx-time=yes --enable-gnu-unique-object --enable-plugin --enable-objc-gc --disable-werror --with-arch-32=i686 --with-tune=generic --enable-checking=release --build=x86_64-linux-gnu --host=x86_64-linux-gnu --target=x86_64-linux-gnu]
  ignore line: [Thread model: posix]
  ignore line: [gcc version 4.6.3 (Ubuntu/Linaro 4.6.3-1ubuntu5) ]
  ignore line: [COMPILER_PATH=/usr/lib/gcc/x86_64-linux-gnu/4.6/:/usr/lib/gcc/x86_64-linux-gnu/4.6/:/usr/lib/gcc/x86_64-linux-gnu/:/usr/lib/gcc/x86_64-linux-gnu/4.6/:/usr/lib/gcc/x86_64-linux-gnu/]
  ignore line: [LIBRARY_PATH=/usr/lib/gcc/x86_64-linux-gnu/4.6/:/usr/lib/gcc/x86_64-linux-gnu/4.6/../../../x86_64-linux-gnu/:/usr/lib/gcc/x86_64-linux-gnu/4.6/../../../../lib/:/lib/x86_64-linux-gnu/:/lib/../lib/:/usr/lib/x86_64-linux-gnu/:/usr/lib/../lib/:/usr/lib/gcc/x86_64-linux-gnu/4.6/../../../:/lib/:/usr/lib/]
  ignore line: [COLLECT_GCC_OPTIONS='-v' '-o' 'cmTryCompileExec' '-rdynamic' '-shared-libgcc' '-mtune=generic' '-march=x86-64']
  link line: [ /usr/lib/gcc/x86_64-linux-gnu/4.6/collect2 --sysroot=/ --build-id --no-add-needed --as-needed --eh-frame-hdr -m elf_x86_64 --hash-style=gnu -export-dynamic -dynamic-linker /lib64/ld-linux-x86-64.so.2 -z relro -o cmTryCompileExec /usr/lib/gcc/x86_64-linux-gnu/4.6/../../../x86_64-linux-gnu/crt1.o /usr/lib/gcc/x86_64-linux-gnu/4.6/../../../x86_64-linux-gnu/crti.o /usr/lib/gcc/x86_64-linux-gnu/4.6/crtbegin.o -L/usr/lib/gcc/x86_64-linux-gnu/4.6 -L/usr/lib/gcc/x86_64-linux-gnu/4.6/../../../x86_64-linux-gnu -L/usr/lib/gcc/x86_64-linux-gnu/4.6/../../../../lib -L/lib/x86_64-linux-gnu -L/lib/../lib -L/usr/lib/x86_64-linux-gnu -L/usr/lib/../lib -L/usr/lib/gcc/x86_64-linux-gnu/4.6/../../.. CMakeFiles/cmTryCompileExec.dir/CMakeCXXCompilerABI.cpp.o -lstdc++ -lm -lgcc_s -lgcc -lc -lgcc_s -lgcc /usr/lib/gcc/x86_64-linux-gnu/4.6/crtend.o /usr/lib/gcc/x86_64-linux-gnu/4.6/../../../x86_64-linux-gnu/crtn.o]
    arg [/usr/lib/gcc/x86_64-linux-gnu/4.6/collect2] ==> ignore
    arg [--sysroot=/] ==> ignore
    arg [--build-id] ==> ignore
    arg [--no-add-needed] ==> ignore
    arg [--as-needed] ==> ignore
    arg [--eh-frame-hdr] ==> ignore
    arg [-m] ==> ignore
    arg [elf_x86_64] ==> ignore
    arg [--hash-style=gnu] ==> ignore
    arg [-export-dynamic] ==> ignore
    arg [-dynamic-linker] ==> ignore
    arg [/lib64/ld-linux-x86-64.so.2] ==> ignore
    arg [-zrelro] ==> ignore
    arg [-o] ==> ignore
    arg [cmTryCompileExec] ==> ignore
    arg [/usr/lib/gcc/x86_64-linux-gnu/4.6/../../../x86_64-linux-gnu/crt1.o] ==> ignore
    arg [/usr/lib/gcc/x86_64-linux-gnu/4.6/../../../x86_64-linux-gnu/crti.o] ==> ignore
    arg [/usr/lib/gcc/x86_64-linux-gnu/4.6/crtbegin.o] ==> ignore
    arg [-L/usr/lib/gcc/x86_64-linux-gnu/4.6] ==> dir [/usr/lib/gcc/x86_64-linux-gnu/4.6]
    arg [-L/usr/lib/gcc/x86_64-linux-gnu/4.6/../../../x86_64-linux-gnu] ==> dir [/usr/lib/gcc/x86_64-linux-gnu/4.6/../../../x86_64-linux-gnu]
    arg [-L/usr/lib/gcc/x86_64-linux-gnu/4.6/../../../../lib] ==> dir [/usr/lib/gcc/x86_64-linux-gnu/4.6/../../../../lib]
    arg [-L/lib/x86_64-linux-gnu] ==> dir [/lib/x86_64-linux-gnu]
    arg [-L/lib/../lib] ==> dir [/lib/../lib]
    arg [-L/usr/lib/x86_64-linux-gnu] ==> dir [/usr/lib/x86_64-linux-gnu]
    arg [-L/usr/lib/../lib] ==> dir [/usr/lib/../lib]
    arg [-L/usr/lib/gcc/x86_64-linux-gnu/4.6/../../..] ==> dir [/usr/lib/gcc/x86_64-linux-gnu/4.6/../../..]
    arg [CMakeFiles/cmTryCompileExec.dir/CMakeCXXCompilerABI.cpp.o] ==> ignore
    arg [-lstdc++] ==> lib [stdc++]
    arg [-lm] ==> lib [m]
    arg [-lgcc_s] ==> lib [gcc_s]
    arg [-lgcc] ==> lib [gcc]
    arg [-lc] ==> lib [c]
    arg [-lgcc_s] ==> lib [gcc_s]
    arg [-lgcc] ==> lib [gcc]
    arg [/usr/lib/gcc/x86_64-linux-gnu/4.6/crtend.o] ==> ignore
    arg [/usr/lib/gcc/x86_64-linux-gnu/4.6/../../../x86_64-linux-gnu/crtn.o] ==> ignore
  remove lib [gcc_s]
  remove lib [gcc]
  remove lib [gcc_s]
  remove lib [gcc]
  collapse dir [/usr/lib/gcc/x86_64-linux-gnu/4.6] ==> [/usr/lib/gcc/x86_64-linux-gnu/4.6]
  collapse dir [/usr/lib/gcc/x86_64-linux-gnu/4.6/../../../x86_64-linux-gnu] ==> [/usr/lib/x86_64-linux-gnu]
  collapse dir [/usr/lib/gcc/x86_64-linux-gnu/4.6/../../../../lib] ==> [/usr/lib]
  collapse dir [/lib/x86_64-linux-gnu] ==> [/lib/x86_64-linux-gnu]
  collapse dir [/lib/../lib] ==> [/lib]
  collapse dir [/usr/lib/x86_64-linux-gnu] ==> [/usr/lib/x86_64-linux-gnu]
  collapse dir [/usr/lib/../lib] ==> [/usr/lib]
  collapse dir [/usr/lib/gcc/x86_64-linux-gnu/4.6/../../..] ==> [/usr/lib]
  implicit libs: [stdc++;m;c]
  implicit dirs: [/usr/lib/gcc/x86_64-linux-gnu/4.6;/usr/lib/x86_64-linux-gnu;/usr/lib;/lib/x86_64-linux-gnu;/lib]


Determining if the include file execinfo.h exists passed with the following output:
Change Dir: /home/grad03/lasalle/src/mt-metis/metis/build/Linux-x86_64/CMakeFiles/CMakeTmp

Run Build Command:/usr/bin/make "cmTryCompileExec/fast"
make[2]: Entering directory `/home/grad03/lasalle/src/mt-metis/metis/build/Linux-x86_64/CMakeFiles/CMakeTmp'
/usr/bin/make -f CMakeFiles/cmTryCompileExec.dir/build.make CMakeFiles/cmTryCompileExec.dir/build
make[3]: Entering directory `/home/grad03/lasalle/src/mt-metis/metis/build/Linux-x86_64/CMakeFiles/CMakeTmp'
/export/scratch/my_root/bin/cmake -E cmake_progress_report /home/grad03/lasalle/src/mt-metis/metis/build/Linux-x86_64/CMakeFiles/CMakeTmp/CMakeFiles 1
Building C object CMakeFiles/cmTryCompileExec.dir/CheckIncludeFile.c.o
/home/grad03/lasalle/bin/gcc    -o CMakeFiles/cmTryCompileExec.dir/CheckIncludeFile.c.o   -c /home/grad03/lasalle/src/mt-metis/metis/build/Linux-x86_64/CMakeFiles/CMakeTmp/CheckIncludeFile.c
Searching for /home/grad03/lasalle/bin/gcc
args = [-o CMakeFiles/cmTryCompileExec.dir/CheckIncludeFile.c.o -c /home/grad03/lasalle/src/mt-metis/metis/build/Linux-x86_64/CMakeFiles/CMakeTmp/CheckIncludeFile.c]
Using REMOTE /soft/gcc-4.7.2/ubuntuamd2010/bin/gcc
Linking C executable cmTryCompileExec
/export/scratch/my_root/bin/cmake -E cmake_link_script CMakeFiles/cmTryCompileExec.dir/link.txt --verbose=1
/home/grad03/lasalle/bin/gcc         CMakeFiles/cmTryCompileExec.dir/CheckIncludeFile.c.o  -o cmTryCompileExec -rdynamic 
Searching for /home/grad03/lasalle/bin/gcc
args = [CMakeFiles/cmTryCompileExec.dir/CheckIncludeFile.c.o -o cmTryCompileExec -rdynamic]
Using REMOTE /soft/gcc-4.7.2/ubuntuamd2010/bin/gcc
make[3]: Leaving directory `/home/grad03/lasalle/src/mt-metis/metis/build/Linux-x86_64/CMakeFiles/CMakeTmp'
make[2]: Leaving directory `/home/grad03/lasalle/src/mt-metis/metis/build/Linux-x86_64/CMakeFiles/CMakeTmp'


Determining if the function getline exists passed with the following output:
Change Dir: /home/grad03/lasalle/src/mt-metis/metis/build/Linux-x86_64/CMakeFiles/CMakeTmp

Run Build Command:/usr/bin/make "cmTryCompileExec/fast"
make[2]: Entering directory `/home/grad03/lasalle/src/mt-metis/metis/build/Linux-x86_64/CMakeFiles/CMakeTmp'
/usr/bin/make -f CMakeFiles/cmTryCompileExec.dir/build.make CMakeFiles/cmTryCompileExec.dir/build
make[3]: Entering directory `/home/grad03/lasalle/src/mt-metis/metis/build/Linux-x86_64/CMakeFiles/CMakeTmp'
/export/scratch/my_root/bin/cmake -E cmake_progress_report /home/grad03/lasalle/src/mt-metis/metis/build/Linux-x86_64/CMakeFiles/CMakeTmp/CMakeFiles 1
Building C object CMakeFiles/cmTryCompileExec.dir/CheckFunctionExists.c.o
/home/grad03/lasalle/bin/gcc   -DCHECK_FUNCTION_EXISTS=getline   -o CMakeFiles/cmTryCompileExec.dir/CheckFunctionExists.c.o   -c /export/scratch/my_root/share/cmake-2.8/Modules/CheckFunctionExists.c
Searching for /home/grad03/lasalle/bin/gcc
args = [-DCHECK_FUNCTION_EXISTS=getline -o CMakeFiles/cmTryCompileExec.dir/CheckFunctionExists.c.o -c /export/scratch/my_root/share/cmake-2.8/Modules/CheckFunctionExists.c]
Using REMOTE /soft/gcc-4.7.2/ubuntuamd2010/bin/gcc
Linking C executable cmTryCompileExec
/export/scratch/my_root/bin/cmake -E cmake_link_script CMakeFiles/cmTryCompileExec.dir/link.txt --verbose=1
/home/grad03/lasalle/bin/gcc     -DCHECK_FUNCTION_EXISTS=getline    CMakeFiles/cmTryCompileExec.dir/CheckFunctionExists.c.o  -o cmTryCompileExec -rdynamic 
Searching for /home/grad03/lasalle/bin/gcc
args = [-DCHECK_FUNCTION_EXISTS=getline CMakeFiles/cmTryCompileExec.dir/CheckFunctionExists.c.o -o cmTryCompileExec -rdynamic]
Using REMOTE /soft/gcc-4.7.2/ubuntuamd2010/bin/gcc
make[3]: Leaving directory `/home/grad03/lasalle/src/mt-metis/metis/build/Linux-x86_64/CMakeFiles/CMakeTmp'
make[2]: Leaving directory `/home/grad03/lasalle/src/mt-metis/metis/build/Linux-x86_64/CMakeFiles/CMakeTmp'


